{"/Users/kiritmodi/Documents/jestDemo/App.tsx": {"path":"/Users/kiritmodi/Documents/jestDemo/App.tsx","statementMap":{"0":{"start":{"line":35,"column":21},"end":{"line":35,"column":48}},"1":{"start":{"line":36,"column":2},"end":{"line":41,"column":4}},"2":{"start":{"line":45,"column":19},"end":{"line":45,"column":24}},"3":{"start":{"line":47,"column":26},"end":{"line":47,"column":28}},"4":{"start":{"line":49,"column":2},"end":{"line":74,"column":4}},"5":{"start":{"line":77,"column":15},"end":{"line":94,"column":2}}},"fnMap":{"0":{"name":"Section","decl":{"start":{"line":34,"column":9},"end":{"line":34,"column":16}},"loc":{"start":{"line":34,"column":63},"end":{"line":42,"column":1}},"line":34},"1":{"name":"App","decl":{"start":{"line":44,"column":9},"end":{"line":44,"column":12}},"loc":{"start":{"line":44,"column":28},"end":{"line":75,"column":1}},"line":44}},"branchMap":{},"s":{"0":8,"1":8,"2":2,"3":2,"4":2,"5":1},"f":{"0":8,"1":2},"b":{},"_coverageSchema":"1a1c01bbd47fc00a2c39e90264f33305004495a9","hash":"d6385ad8d3fdd224b3c311166277d2079abc71c9"}
,"/Users/kiritmodi/Documents/jestDemo/src/components/ButtonComponent.js": {"path":"/Users/kiritmodi/Documents/jestDemo/src/components/ButtonComponent.js","statementMap":{"0":{"start":{"line":3,"column":24},"end":{"line":19,"column":1}},"1":{"start":{"line":4,"column":2},"end":{"line":18,"column":4}},"2":{"start":{"line":13,"column":10},"end":{"line":13,"column":20}}},"fnMap":{"0":{"name":"(anonymous_0)","decl":{"start":{"line":3,"column":24},"end":{"line":3,"column":25}},"loc":{"start":{"line":3,"column":39},"end":{"line":19,"column":1}},"line":3},"1":{"name":"(anonymous_1)","decl":{"start":{"line":12,"column":17},"end":{"line":12,"column":18}},"loc":{"start":{"line":12,"column":23},"end":{"line":14,"column":9}},"line":12}},"branchMap":{},"s":{"0":1,"1":1,"2":1},"f":{"0":1,"1":1},"b":{},"_coverageSchema":"1a1c01bbd47fc00a2c39e90264f33305004495a9","hash":"bb309e09aec2c8ff191fce1d679aaeb03e418cbc"}
,"/Users/kiritmodi/Documents/jestDemo/src/components/TextInputComponent.js": {"path":"/Users/kiritmodi/Documents/jestDemo/src/components/TextInputComponent.js","statementMap":{"0":{"start":{"line":4,"column":27},"end":{"line":20,"column":1}},"1":{"start":{"line":5,"column":28},"end":{"line":5,"column":40}},"2":{"start":{"line":7,"column":23},"end":{"line":9,"column":3}},"3":{"start":{"line":8,"column":4},"end":{"line":8,"column":19}},"4":{"start":{"line":11,"column":2},"end":{"line":19,"column":4}}},"fnMap":{"0":{"name":"(anonymous_0)","decl":{"start":{"line":4,"column":27},"end":{"line":4,"column":28}},"loc":{"start":{"line":4,"column":60},"end":{"line":20,"column":1}},"line":4},"1":{"name":"(anonymous_1)","decl":{"start":{"line":7,"column":23},"end":{"line":7,"column":24}},"loc":{"start":{"line":7,"column":31},"end":{"line":9,"column":3}},"line":7}},"branchMap":{},"s":{"0":1,"1":2,"2":2,"3":1,"4":2},"f":{"0":2,"1":1},"b":{},"_coverageSchema":"1a1c01bbd47fc00a2c39e90264f33305004495a9","hash":"da9ca2558d501d765bef5c78f154e0abc41679a0"}
,"/Users/kiritmodi/Documents/jestDemo/src/utils/sum.tsx": {"path":"/Users/kiritmodi/Documents/jestDemo/src/utils/sum.tsx","statementMap":{"0":{"start":{"line":1,"column":12},"end":{"line":3,"column":1}},"1":{"start":{"line":2,"column":2},"end":{"line":2,"column":15}}},"fnMap":{"0":{"name":"(anonymous_0)","decl":{"start":{"line":1,"column":12},"end":{"line":1,"column":13}},"loc":{"start":{"line":1,"column":38},"end":{"line":3,"column":1}},"line":1}},"branchMap":{},"s":{"0":1,"1":2},"f":{"0":2},"b":{},"_coverageSchema":"1a1c01bbd47fc00a2c39e90264f33305004495a9","hash":"5d251b11eebb57046d4334fc65b3fa7db0aade25"}
}
