TN:
SF:App.tsx
FN:34,Section
FN:44,App
FNF:2
FNH:2
FNDA:8,Section
FNDA:2,App
DA:35,8
DA:36,8
DA:45,2
DA:47,2
DA:49,2
DA:77,1
LF:6
LH:6
BRDA:51,0,0,0
BRDA:51,0,1,2
BRF:2
BRH:1
end_of_record
TN:
SF:src/components/ButtonComponent.js
FN:3,(anonymous_0)
FN:12,(anonymous_1)
FNF:2
FNH:2
FNDA:1,(anonymous_0)
FNDA:1,(anonymous_1)
DA:3,1
DA:4,1
DA:13,1
LF:3
LH:3
BRF:0
BRH:0
end_of_record
TN:
SF:src/components/TextInputComponent.js
FN:4,(anonymous_0)
FN:7,(anonymous_1)
FNF:2
FNH:2
FNDA:2,(anonymous_0)
FNDA:1,(anonymous_1)
DA:4,1
DA:5,2
DA:7,2
DA:8,1
DA:11,2
LF:5
LH:5
BRF:0
BRH:0
end_of_record
TN:
SF:src/utils/sum.js
FN:1,(anonymous_0)
FNF:1
FNH:1
FNDA:2,(anonymous_0)
DA:1,1
DA:2,2
LF:2
LH:2
BRF:0
BRH:0
end_of_record
TN:
SF:src/utils/validator.js
FN:1,(anonymous_0)
FN:6,(anonymous_1)
FNF:2
FNH:2
FNDA:2,(anonymous_0)
FNDA:2,(anonymous_1)
DA:1,1
DA:2,2
DA:3,2
DA:6,1
DA:7,2
LF:5
LH:5
BRF:0
BRH:0
end_of_record
